{"level":"info","message":"🚀 Ankata Backend running on port 3000","service":"ankata-backend"}
{"level":"info","message":"Environment: development","service":"ankata-backend"}
{"level":"info","message":"🚀 Ankata Backend running on port 3000","service":"ankata-backend"}
{"level":"info","message":"Environment: development","service":"ankata-backend"}
{"level":"info","message":"🚀 Ankata Backend running on port 3000","service":"ankata-backend"}
{"level":"info","message":"Environment: development","service":"ankata-backend"}
{"level":"info","message":"🚀 Ankata Backend running on port 3000","service":"ankata-backend"}
{"level":"info","message":"Environment: development","service":"ankata-backend"}
{"level":"info","message":"🚀 Ankata Backend running on port 3000","service":"ankata-backend"}
{"level":"info","message":"Environment: development","service":"ankata-backend"}
{"level":"info","message":"🚀 Ankata Backend running on port 3000","service":"ankata-backend"}
{"level":"info","message":"Environment: development","service":"ankata-backend"}
{"level":"info","message":"🚀 Ankata Backend running on port 3000","service":"ankata-backend"}
{"level":"info","message":"Environment: development","service":"ankata-backend"}
{"level":"info","message":"🚀 Ankata Backend running on port 3000","service":"ankata-backend"}
{"level":"info","message":"Environment: development","service":"ankata-backend"}
{"level":"info","message":"🚀 Ankata Backend running on port 3000","service":"ankata-backend"}
{"level":"info","message":"Environment: development","service":"ankata-backend"}
{"level":"info","message":"🚀 Ankata Backend running on port 3000","service":"ankata-backend"}
{"level":"info","message":"Environment: development","service":"ankata-backend"}
{"level":"info","message":"🚀 Ankata Backend running on port 3000","service":"ankata-backend"}
{"level":"info","message":"Environment: development","service":"ankata-backend"}
{"level":"info","message":"🚀 Ankata Backend running on port 3000","service":"ankata-backend"}
{"level":"info","message":"Environment: development","service":"ankata-backend"}
{"level":"info","message":"🚀 Ankata Backend running on port 3000","service":"ankata-backend"}
{"level":"info","message":"Environment: development","service":"ankata-backend"}
{"level":"info","message":"🚀 Ankata Backend running on port 3000","service":"ankata-backend"}
{"level":"info","message":"Environment: development","service":"ankata-backend"}
{"level":"info","message":"🚀 Ankata Backend running on port 3000","service":"ankata-backend"}
{"level":"info","message":"Environment: development","service":"ankata-backend"}
{"level":"info","message":"🚀 Ankata Backend running on port 3000","service":"ankata-backend"}
{"level":"info","message":"Environment: development","service":"ankata-backend"}
{"level":"info","message":"🚀 Ankata Backend running on port 3000","service":"ankata-backend"}
{"level":"info","message":"Environment: development","service":"ankata-backend"}
{"level":"info","message":"🚀 Ankata Backend running on port 3000","service":"ankata-backend"}
{"level":"info","message":"Environment: development","service":"ankata-backend"}
{"level":"info","message":"🚀 Ankata Backend running on port 3000","service":"ankata-backend"}
{"level":"info","message":"Environment: development","service":"ankata-backend"}
{"level":"info","message":"🚀 Ankata Backend running on port 3000","service":"ankata-backend"}
{"level":"info","message":"Environment: development","service":"ankata-backend"}
{"level":"info","message":"🚀 Ankata Backend running on port 3000","service":"ankata-backend"}
{"level":"info","message":"Environment: development","service":"ankata-backend"}
{"level":"info","message":"GET /","service":"ankata-backend"}
{"level":"info","message":"GET /favicon.ico","service":"ankata-backend"}
{"level":"info","message":"GET /health","service":"ankata-backend"}
{"level":"info","message":"GET /api/companies","service":"ankata-backend"}
{"level":"info","message":"🚀 Ankata Backend running on port 3000","service":"ankata-backend"}
{"level":"info","message":"Environment: development","service":"ankata-backend"}
{"level":"info","message":"🚀 Ankata Backend running on port 3000","service":"ankata-backend"}
{"level":"info","message":"Environment: development","service":"ankata-backend"}
{"level":"info","message":"GET /api/companies","service":"ankata-backend"}
{"level":"info","message":"GET /favicon.ico","service":"ankata-backend"}
{"level":"info","message":"GET /api/companies","service":"ankata-backend"}
{"level":"info","message":"GET /api/companies","service":"ankata-backend"}
{"level":"info","message":"GET /favicon.ico","service":"ankata-backend"}
{"level":"info","message":"🚀 Ankata Backend running on port 3000","service":"ankata-backend"}
{"level":"info","message":"Environment: development","service":"ankata-backend"}
{"level":"info","message":"🚀 Ankata Backend running on port 3000","service":"ankata-backend"}
{"level":"info","message":"Environment: development","service":"ankata-backend"}
{"level":"info","message":"🚀 Ankata Backend running on port 3000","service":"ankata-backend"}
{"level":"info","message":"Environment: development","service":"ankata-backend"}
{"level":"info","message":"🚀 Ankata Backend running on port 3000","service":"ankata-backend"}
{"level":"info","message":"Environment: development","service":"ankata-backend"}
{"level":"info","message":"POST /api/auth/request-otp","service":"ankata-backend"}
{"level":"info","message":"POST /api/auth/verify-otp","service":"ankata-backend"}
{"level":"info","message":"GET /api/auth/me","service":"ankata-backend"}
{"level":"info","message":"GET /api/lines/search","service":"ankata-backend"}
{"level":"info","message":"GET /api/lines/1","service":"ankata-backend"}
{"level":"info","message":"GET /api/lines/search","service":"ankata-backend"}
{"level":"info","message":"GET /api/companies","service":"ankata-backend"}
{"level":"info","message":"GET /api/companies/sotraco","service":"ankata-backend"}
{"level":"info","message":"GET /api/companies/sotraco/schedules","service":"ankata-backend"}
{"level":"info","message":"POST /api/bookings","service":"ankata-backend"}
{"level":"info","message":"GET /api/bookings/my-bookings","service":"ankata-backend"}
{"level":"info","message":"GET /api/bookings/booking-123","service":"ankata-backend"}
{"level":"info","message":"POST /api/bookings/booking-123/cancel","service":"ankata-backend"}
{"level":"info","message":"GET /api/ratings/trip/trip-1","service":"ankata-backend"}
{"level":"info","message":"POST /api/ratings","service":"ankata-backend"}
{"level":"info","message":"GET /api/ratings/my-ratings","service":"ankata-backend"}
{"level":"info","message":"POST /api/favorites","service":"ankata-backend"}
{"level":"info","message":"GET /api/favorites","service":"ankata-backend"}
{"level":"info","message":"DELETE /api/favorites/route-1","service":"ankata-backend"}
{"level":"info","message":"POST /api/payments","service":"ankata-backend"}
{"level":"info","message":"GET /api/payments/payment-123/status","service":"ankata-backend"}
{"level":"info","message":"GET /api/notifications","service":"ankata-backend"}
{"level":"info","message":"POST /api/notifications/notif-1/read","service":"ankata-backend"}
{"level":"info","message":"🚀 Ankata Backend running on port 3000","service":"ankata-backend"}
{"level":"info","message":"Environment: development","service":"ankata-backend"}
{"level":"info","message":"GET /api/auth/me","service":"ankata-backend"}
{"level":"info","message":"POST /api/auth/register","service":"ankata-backend"}
{"level":"info","message":"POST /api/auth/register","service":"ankata-backend"}
{"level":"info","message":"POST /api/auth/register","service":"ankata-backend"}
{"level":"info","message":"POST /api/auth/register","service":"ankata-backend"}
{"level":"info","message":"POST /api/auth/register","service":"ankata-backend"}
{"level":"info","message":"🚀 Ankata Backend running on port 3000","service":"ankata-backend"}
{"level":"info","message":"Environment: development","service":"ankata-backend"}
{"level":"info","message":"🚀 Ankata Backend running on port 3000","service":"ankata-backend"}
{"level":"info","message":"Environment: development","service":"ankata-backend"}
{"level":"info","message":"POST /api/auth/register","service":"ankata-backend"}
{"level":"info","message":"GET /api/auth/me","service":"ankata-backend"}
{"level":"info","message":"POST /api/auth/register","service":"ankata-backend"}
{"level":"info","message":"GET /api/lines/search","service":"ankata-backend"}
{"level":"info","message":"GET /api/lines/search","service":"ankata-backend"}
{"level":"info","message":"GET /api/lines/search","service":"ankata-backend"}
{"level":"info","message":"GET /api/lines/search","service":"ankata-backend"}
{"level":"info","message":"POST /api/auth/login","service":"ankata-backend"}
{"level":"info","message":"GET /api/auth/security-questions/57634040","service":"ankata-backend"}
{"level":"info","message":"POST /api/auth/reset-password","service":"ankata-backend"}
{"level":"info","message":"POST /api/auth/reset-password","service":"ankata-backend"}
{"level":"info","message":"🚀 Ankata Backend running on port 3000","service":"ankata-backend"}
{"level":"info","message":"Environment: development","service":"ankata-backend"}
{"level":"info","message":"🚀 Ankata Backend running on port 3000","service":"ankata-backend"}
{"level":"info","message":"Environment: development","service":"ankata-backend"}
{"level":"info","message":"🚀 Ankata Backend running on port 3000","service":"ankata-backend"}
{"level":"info","message":"Environment: development","service":"ankata-backend"}
{"level":"info","message":"🚀 Ankata Backend running on port 3000","service":"ankata-backend"}
{"level":"info","message":"Environment: development","service":"ankata-backend"}
{"level":"info","message":"🚀 Ankata Backend running on port 3000","service":"ankata-backend"}
{"level":"info","message":"Environment: development","service":"ankata-backend"}
{"level":"info","message":"🚀 Ankata Backend running on port 3000","service":"ankata-backend"}
{"level":"info","message":"Environment: development","service":"ankata-backend"}
{"level":"info","message":"🚀 Ankata Backend running on port 3000","service":"ankata-backend"}
{"level":"info","message":"Environment: development","service":"ankata-backend"}
{"level":"info","message":"🚀 Ankata Backend running on port 3000","service":"ankata-backend"}
{"level":"info","message":"Environment: development","service":"ankata-backend"}
{"level":"info","message":"GET /api/lines/search","service":"ankata-backend"}
{"level":"info","message":"🚀 Ankata Backend running on port 3000","service":"ankata-backend"}
{"level":"info","message":"Environment: development","service":"ankata-backend"}
{"level":"info","message":"GET /api/lines/search","service":"ankata-backend"}
{"level":"info","message":"🚀 Ankata Backend running on port 3000","service":"ankata-backend"}
{"level":"info","message":"Environment: development","service":"ankata-backend"}
{"level":"info","message":"GET /api/lines/search","service":"ankata-backend"}
{"level":"info","message":"🚀 Ankata Backend running on port 3000","service":"ankata-backend"}
{"level":"info","message":"Environment: development","service":"ankata-backend"}
{"level":"info","message":"🚀 Ankata Backend running on port 3000","service":"ankata-backend"}
{"level":"info","message":"Environment: development","service":"ankata-backend"}
{"level":"info","message":"🚀 Ankata Backend running on port 3000","service":"ankata-backend"}
{"level":"info","message":"Environment: development","service":"ankata-backend"}
{"level":"info","message":"🚀 Ankata Backend running on port 3000","service":"ankata-backend"}
{"level":"info","message":"Environment: development","service":"ankata-backend"}
{"level":"info","message":"🚀 Ankata Backend running on port 3000","service":"ankata-backend"}
{"level":"info","message":"Environment: development","service":"ankata-backend"}
{"level":"info","message":"🚀 Ankata Backend running on port 3000","service":"ankata-backend"}
{"level":"info","message":"Environment: development","service":"ankata-backend"}
{"level":"info","message":"POST /api/bookings/cdd32199-1f54-4162-8816-11a8de9fb9df/cancel","service":"ankata-backend"}
{"level":"info","message":"🚀 Ankata Backend running on port 3000","service":"ankata-backend"}
{"level":"info","message":"Environment: development","service":"ankata-backend"}
{"level":"info","message":"🚀 Ankata Backend running on port 3000","service":"ankata-backend"}
{"level":"info","message":"Environment: development","service":"ankata-backend"}
{"level":"info","message":"POST /api/bookings/xxxx/cancel","service":"ankata-backend"}
{"level":"info","message":"🚀 Ankata Backend running on port 3000","service":"ankata-backend"}
{"level":"info","message":"Environment: development","service":"ankata-backend"}
{"level":"info","message":"POST /api/bookings/c53bb71d-6a89-42fa-9840-60c3b51f6898/cancel","service":"ankata-backend"}
{"level":"info","message":"🚀 Ankata Backend running on port 3000","service":"ankata-backend"}
{"level":"info","message":"Environment: development","service":"ankata-backend"}
{"level":"info","message":"🚀 Ankata Backend running on port 3000","service":"ankata-backend"}
{"level":"info","message":"Environment: development","service":"ankata-backend"}
{"level":"info","message":"🚀 Ankata Backend running on port 3000","service":"ankata-backend"}
{"level":"info","message":"Environment: development","service":"ankata-backend"}
{"level":"info","message":"🚀 Ankata Backend running on port 3000","service":"ankata-backend"}
{"level":"info","message":"Environment: development","service":"ankata-backend"}
{"level":"info","message":"🚀 Ankata Backend running on port 3000","service":"ankata-backend"}
{"level":"info","message":"Environment: development","service":"ankata-backend"}
{"level":"info","message":"🚀 Ankata Backend running on port 3000","service":"ankata-backend"}
{"level":"info","message":"Environment: development","service":"ankata-backend"}
{"level":"info","message":"GET /health","service":"ankata-backend"}
{"level":"info","message":"GET /health","service":"ankata-backend"}
{"level":"info","message":"GET /api/companies","service":"ankata-backend"}
{"level":"info","message":"GET /api/companies","service":"ankata-backend"}
{"level":"info","message":"GET /api/auth/me","service":"ankata-backend"}
{"level":"info","message":"POST /api/auth/register","service":"ankata-backend"}
{"level":"info","message":"POST /api/auth/login","service":"ankata-backend"}
{"level":"info","message":"GET /api/lines/search","service":"ankata-backend"}
{"level":"info","message":"POST /api/bookings","service":"ankata-backend"}
{"level":"info","message":"POST /api/bookings","service":"ankata-backend"}
{"level":"info","message":"POST /api/upload/profile-picture","service":"ankata-backend"}
{"level":"info","message":"GET /api/lines/search","service":"ankata-backend"}
{"level":"info","message":"GET /api/lines/search","service":"ankata-backend"}
{"level":"info","message":"GET /api/lines/search","service":"ankata-backend"}
{"level":"info","message":"POST /api/bookings/ANK789012/cancel","service":"ankata-backend"}
{"level":"info","message":"POST /api/auth/login","service":"ankata-backend"}
{"level":"info","message":"🚀 Ankata Backend running on port 3000","service":"ankata-backend"}
{"level":"info","message":"Environment: development","service":"ankata-backend"}
{"level":"info","message":"POST /api/auth/login","service":"ankata-backend"}
{"level":"info","message":"GET /api/lines/search","service":"ankata-backend"}
{"level":"info","message":"POST /api/bookings","service":"ankata-backend"}
{"level":"info","message":"POST /api/auth/register","service":"ankata-backend"}
{"level":"info","message":"POST /api/auth/login","service":"ankata-backend"}
{"level":"info","message":"GET /api/lines/search","service":"ankata-backend"}
{"level":"info","message":"POST /api/bookings","service":"ankata-backend"}
{"level":"info","message":"🚀 Ankata Backend running on port 3000","service":"ankata-backend"}
{"level":"info","message":"Environment: development","service":"ankata-backend"}
{"level":"info","message":"POST /api/auth/login","service":"ankata-backend"}
{"level":"info","message":"GET /api/lines/search","service":"ankata-backend"}
{"level":"info","message":"POST /api/bookings","service":"ankata-backend"}
{"level":"info","message":"🚀 Ankata Backend running on port 3000","service":"ankata-backend"}
{"level":"info","message":"Environment: development","service":"ankata-backend"}
{"level":"info","message":"POST /api/auth/login","service":"ankata-backend"}
{"level":"info","message":"GET /api/lines/search","service":"ankata-backend"}
{"level":"info","message":"POST /api/bookings","service":"ankata-backend"}
{"level":"info","message":"🚀 Ankata Backend running on port 3000","service":"ankata-backend"}
{"level":"info","message":"Environment: development","service":"ankata-backend"}
{"level":"info","message":"POST /api/auth/login","service":"ankata-backend"}
{"level":"info","message":"GET /api/lines/search","service":"ankata-backend"}
{"level":"info","message":"POST /api/bookings","service":"ankata-backend"}
{"level":"info","message":"🚀 Ankata Backend running on port 3000","service":"ankata-backend"}
{"level":"info","message":"Environment: development","service":"ankata-backend"}
{"level":"info","message":"POST /api/auth/login","service":"ankata-backend"}
{"level":"info","message":"GET /api/lines/search","service":"ankata-backend"}
{"level":"info","message":"POST /api/bookings","service":"ankata-backend"}
{"level":"info","message":"🚀 Ankata Backend running on port 3000","service":"ankata-backend"}
{"level":"info","message":"Environment: development","service":"ankata-backend"}
{"level":"info","message":"POST /api/auth/login","service":"ankata-backend"}
{"level":"info","message":"GET /api/lines/search","service":"ankata-backend"}
{"level":"info","message":"POST /api/bookings","service":"ankata-backend"}
{"level":"info","message":"🚀 Ankata Backend running on port 3000","service":"ankata-backend"}
{"level":"info","message":"Environment: development","service":"ankata-backend"}
{"level":"info","message":"GET /api/auth/me","service":"ankata-backend"}
{"level":"info","message":"POST /api/auth/login","service":"ankata-backend"}
{"level":"info","message":"POST /api/auth/login","service":"ankata-backend"}
{"level":"info","message":"GET /api/lines/search","service":"ankata-backend"}
{"level":"info","message":"POST /api/bookings","service":"ankata-backend"}
{"level":"info","message":"POST /api/bookings","service":"ankata-backend"}
{"level":"info","message":"GET /api/bookings/my-bookings","service":"ankata-backend"}
{"level":"info","message":"GET /api/lines/search","service":"ankata-backend"}
{"level":"info","message":"GET /api/lines/search","service":"ankata-backend"}
{"level":"info","message":"GET /api/bookings/my-bookings","service":"ankata-backend"}
